ERROR 2025-11-10 00:18:50,458 exceptions Error occurred: Authentication credentials were not provided.
Traceback (most recent call last):
  File "C:\Users\vatsavai.devi\AppData\Local\Programs\Python\Python314\Lib\site-packages\rest_framework\views.py", line 503, in dispatch
    self.initial(request, *args, **kwargs)
    ~~~~~~~~~~~~^^^^^^^^^^^^^^^^^^^^^^^^^^
  File "C:\Users\vatsavai.devi\AppData\Local\Programs\Python\Python314\Lib\site-packages\rest_framework\views.py", line 421, in initial
    self.check_permissions(request)
    ~~~~~~~~~~~~~~~~~~~~~~^^^^^^^^^
  File "C:\Users\vatsavai.devi\AppData\Local\Programs\Python\Python314\Lib\site-packages\rest_framework\views.py", line 339, in check_permissions
    self.permission_denied(
    ~~~~~~~~~~~~~~~~~~~~~~^
        request,
        ^^^^^^^^
        message=getattr(permission, 'message', None),
        ^^^^^^^^^^^^^^^^^^^^^^^^^^^^^^^^^^^^^^^^^^^^^
        code=getattr(permission, 'code', None)
        ^^^^^^^^^^^^^^^^^^^^^^^^^^^^^^^^^^^^^^
    )
    ^
  File "C:\Users\vatsavai.devi\AppData\Local\Programs\Python\Python314\Lib\site-packages\rest_framework\views.py", line 180, in permission_denied
    raise exceptions.NotAuthenticated()
rest_framework.exceptions.NotAuthenticated: Authentication credentials were not provided.
ERROR 2025-11-10 00:18:50,465 exceptions Error occurred: Authentication credentials were not provided.
Traceback (most recent call last):
  File "C:\Users\vatsavai.devi\AppData\Local\Programs\Python\Python314\Lib\site-packages\rest_framework\views.py", line 503, in dispatch
    self.initial(request, *args, **kwargs)
    ~~~~~~~~~~~~^^^^^^^^^^^^^^^^^^^^^^^^^^
  File "C:\Users\vatsavai.devi\AppData\Local\Programs\Python\Python314\Lib\site-packages\rest_framework\views.py", line 421, in initial
    self.check_permissions(request)
    ~~~~~~~~~~~~~~~~~~~~~~^^^^^^^^^
  File "C:\Users\vatsavai.devi\AppData\Local\Programs\Python\Python314\Lib\site-packages\rest_framework\views.py", line 339, in check_permissions
    self.permission_denied(
    ~~~~~~~~~~~~~~~~~~~~~~^
        request,
        ^^^^^^^^
        message=getattr(permission, 'message', None),
        ^^^^^^^^^^^^^^^^^^^^^^^^^^^^^^^^^^^^^^^^^^^^^
        code=getattr(permission, 'code', None)
        ^^^^^^^^^^^^^^^^^^^^^^^^^^^^^^^^^^^^^^
    )
    ^
  File "C:\Users\vatsavai.devi\AppData\Local\Programs\Python\Python314\Lib\site-packages\rest_framework\views.py", line 180, in permission_denied
    raise exceptions.NotAuthenticated()
rest_framework.exceptions.NotAuthenticated: Authentication credentials were not provided.
ERROR 2025-11-10 00:23:04,098 exceptions Error occurred: Authentication credentials were not provided.
Traceback (most recent call last):
  File "C:\Users\vatsavai.devi\AppData\Local\Programs\Python\Python314\Lib\site-packages\rest_framework\views.py", line 503, in dispatch
    self.initial(request, *args, **kwargs)
    ~~~~~~~~~~~~^^^^^^^^^^^^^^^^^^^^^^^^^^
  File "C:\Users\vatsavai.devi\AppData\Local\Programs\Python\Python314\Lib\site-packages\rest_framework\views.py", line 421, in initial
    self.check_permissions(request)
    ~~~~~~~~~~~~~~~~~~~~~~^^^^^^^^^
  File "C:\Users\vatsavai.devi\AppData\Local\Programs\Python\Python314\Lib\site-packages\rest_framework\views.py", line 339, in check_permissions
    self.permission_denied(
    ~~~~~~~~~~~~~~~~~~~~~~^
        request,
        ^^^^^^^^
        message=getattr(permission, 'message', None),
        ^^^^^^^^^^^^^^^^^^^^^^^^^^^^^^^^^^^^^^^^^^^^^
        code=getattr(permission, 'code', None)
        ^^^^^^^^^^^^^^^^^^^^^^^^^^^^^^^^^^^^^^
    )
    ^
  File "C:\Users\vatsavai.devi\AppData\Local\Programs\Python\Python314\Lib\site-packages\rest_framework\views.py", line 180, in permission_denied
    raise exceptions.NotAuthenticated()
rest_framework.exceptions.NotAuthenticated: Authentication credentials were not provided.
ERROR 2025-11-10 00:23:04,103 exceptions Error occurred: Authentication credentials were not provided.
Traceback (most recent call last):
  File "C:\Users\vatsavai.devi\AppData\Local\Programs\Python\Python314\Lib\site-packages\rest_framework\views.py", line 503, in dispatch
    self.initial(request, *args, **kwargs)
    ~~~~~~~~~~~~^^^^^^^^^^^^^^^^^^^^^^^^^^
  File "C:\Users\vatsavai.devi\AppData\Local\Programs\Python\Python314\Lib\site-packages\rest_framework\views.py", line 421, in initial
    self.check_permissions(request)
    ~~~~~~~~~~~~~~~~~~~~~~^^^^^^^^^
  File "C:\Users\vatsavai.devi\AppData\Local\Programs\Python\Python314\Lib\site-packages\rest_framework\views.py", line 339, in check_permissions
    self.permission_denied(
    ~~~~~~~~~~~~~~~~~~~~~~^
        request,
        ^^^^^^^^
        message=getattr(permission, 'message', None),
        ^^^^^^^^^^^^^^^^^^^^^^^^^^^^^^^^^^^^^^^^^^^^^
        code=getattr(permission, 'code', None)
        ^^^^^^^^^^^^^^^^^^^^^^^^^^^^^^^^^^^^^^
    )
    ^
  File "C:\Users\vatsavai.devi\AppData\Local\Programs\Python\Python314\Lib\site-packages\rest_framework\views.py", line 180, in permission_denied
    raise exceptions.NotAuthenticated()
rest_framework.exceptions.NotAuthenticated: Authentication credentials were not provided.
ERROR 2025-11-10 01:44:26,341 exceptions Error occurred: Authentication credentials were not provided.
Traceback (most recent call last):
  File "C:\Users\vatsavai.devi\AppData\Local\Programs\Python\Python314\Lib\site-packages\rest_framework\views.py", line 503, in dispatch
    self.initial(request, *args, **kwargs)
    ~~~~~~~~~~~~^^^^^^^^^^^^^^^^^^^^^^^^^^
  File "C:\Users\vatsavai.devi\AppData\Local\Programs\Python\Python314\Lib\site-packages\rest_framework\views.py", line 421, in initial
    self.check_permissions(request)
    ~~~~~~~~~~~~~~~~~~~~~~^^^^^^^^^
  File "C:\Users\vatsavai.devi\AppData\Local\Programs\Python\Python314\Lib\site-packages\rest_framework\views.py", line 339, in check_permissions
    self.permission_denied(
    ~~~~~~~~~~~~~~~~~~~~~~^
        request,
        ^^^^^^^^
        message=getattr(permission, 'message', None),
        ^^^^^^^^^^^^^^^^^^^^^^^^^^^^^^^^^^^^^^^^^^^^^
        code=getattr(permission, 'code', None)
        ^^^^^^^^^^^^^^^^^^^^^^^^^^^^^^^^^^^^^^
    )
    ^
  File "C:\Users\vatsavai.devi\AppData\Local\Programs\Python\Python314\Lib\site-packages\rest_framework\views.py", line 180, in permission_denied
    raise exceptions.NotAuthenticated()
rest_framework.exceptions.NotAuthenticated: Authentication credentials were not provided.
ERROR 2025-11-10 01:44:26,348 exceptions Error occurred: Authentication credentials were not provided.
Traceback (most recent call last):
  File "C:\Users\vatsavai.devi\AppData\Local\Programs\Python\Python314\Lib\site-packages\rest_framework\views.py", line 503, in dispatch
    self.initial(request, *args, **kwargs)
    ~~~~~~~~~~~~^^^^^^^^^^^^^^^^^^^^^^^^^^
  File "C:\Users\vatsavai.devi\AppData\Local\Programs\Python\Python314\Lib\site-packages\rest_framework\views.py", line 421, in initial
    self.check_permissions(request)
    ~~~~~~~~~~~~~~~~~~~~~~^^^^^^^^^
  File "C:\Users\vatsavai.devi\AppData\Local\Programs\Python\Python314\Lib\site-packages\rest_framework\views.py", line 339, in check_permissions
    self.permission_denied(
    ~~~~~~~~~~~~~~~~~~~~~~^
        request,
        ^^^^^^^^
        message=getattr(permission, 'message', None),
        ^^^^^^^^^^^^^^^^^^^^^^^^^^^^^^^^^^^^^^^^^^^^^
        code=getattr(permission, 'code', None)
        ^^^^^^^^^^^^^^^^^^^^^^^^^^^^^^^^^^^^^^
    )
    ^
  File "C:\Users\vatsavai.devi\AppData\Local\Programs\Python\Python314\Lib\site-packages\rest_framework\views.py", line 180, in permission_denied
    raise exceptions.NotAuthenticated()
rest_framework.exceptions.NotAuthenticated: Authentication credentials were not provided.
ERROR 2025-11-10 11:10:58,688 exceptions Error occurred: Authentication credentials were not provided.
Traceback (most recent call last):
  File "C:\Users\vatsavai.devi\AppData\Local\Programs\Python\Python314\Lib\site-packages\rest_framework\views.py", line 503, in dispatch
    self.initial(request, *args, **kwargs)
    ~~~~~~~~~~~~^^^^^^^^^^^^^^^^^^^^^^^^^^
  File "C:\Users\vatsavai.devi\AppData\Local\Programs\Python\Python314\Lib\site-packages\rest_framework\views.py", line 421, in initial
    self.check_permissions(request)
    ~~~~~~~~~~~~~~~~~~~~~~^^^^^^^^^
  File "C:\Users\vatsavai.devi\AppData\Local\Programs\Python\Python314\Lib\site-packages\rest_framework\views.py", line 339, in check_permissions
    self.permission_denied(
    ~~~~~~~~~~~~~~~~~~~~~~^
        request,
        ^^^^^^^^
        message=getattr(permission, 'message', None),
        ^^^^^^^^^^^^^^^^^^^^^^^^^^^^^^^^^^^^^^^^^^^^^
        code=getattr(permission, 'code', None)
        ^^^^^^^^^^^^^^^^^^^^^^^^^^^^^^^^^^^^^^
    )
    ^
  File "C:\Users\vatsavai.devi\AppData\Local\Programs\Python\Python314\Lib\site-packages\rest_framework\views.py", line 180, in permission_denied
    raise exceptions.NotAuthenticated()
rest_framework.exceptions.NotAuthenticated: Authentication credentials were not provided.
ERROR 2025-11-10 11:10:58,699 exceptions Error occurred: Authentication credentials were not provided.
Traceback (most recent call last):
  File "C:\Users\vatsavai.devi\AppData\Local\Programs\Python\Python314\Lib\site-packages\rest_framework\views.py", line 503, in dispatch
    self.initial(request, *args, **kwargs)
    ~~~~~~~~~~~~^^^^^^^^^^^^^^^^^^^^^^^^^^
  File "C:\Users\vatsavai.devi\AppData\Local\Programs\Python\Python314\Lib\site-packages\rest_framework\views.py", line 421, in initial
    self.check_permissions(request)
    ~~~~~~~~~~~~~~~~~~~~~~^^^^^^^^^
  File "C:\Users\vatsavai.devi\AppData\Local\Programs\Python\Python314\Lib\site-packages\rest_framework\views.py", line 339, in check_permissions
    self.permission_denied(
    ~~~~~~~~~~~~~~~~~~~~~~^
        request,
        ^^^^^^^^
        message=getattr(permission, 'message', None),
        ^^^^^^^^^^^^^^^^^^^^^^^^^^^^^^^^^^^^^^^^^^^^^
        code=getattr(permission, 'code', None)
        ^^^^^^^^^^^^^^^^^^^^^^^^^^^^^^^^^^^^^^
    )
    ^
  File "C:\Users\vatsavai.devi\AppData\Local\Programs\Python\Python314\Lib\site-packages\rest_framework\views.py", line 180, in permission_denied
    raise exceptions.NotAuthenticated()
rest_framework.exceptions.NotAuthenticated: Authentication credentials were not provided.
ERROR 2025-11-10 11:11:00,526 exceptions Error occurred: Authentication credentials were not provided.
Traceback (most recent call last):
  File "C:\Users\vatsavai.devi\AppData\Local\Programs\Python\Python314\Lib\site-packages\rest_framework\views.py", line 503, in dispatch
    self.initial(request, *args, **kwargs)
    ~~~~~~~~~~~~^^^^^^^^^^^^^^^^^^^^^^^^^^
  File "C:\Users\vatsavai.devi\AppData\Local\Programs\Python\Python314\Lib\site-packages\rest_framework\views.py", line 421, in initial
    self.check_permissions(request)
    ~~~~~~~~~~~~~~~~~~~~~~^^^^^^^^^
  File "C:\Users\vatsavai.devi\AppData\Local\Programs\Python\Python314\Lib\site-packages\rest_framework\views.py", line 339, in check_permissions
    self.permission_denied(
    ~~~~~~~~~~~~~~~~~~~~~~^
        request,
        ^^^^^^^^
        message=getattr(permission, 'message', None),
        ^^^^^^^^^^^^^^^^^^^^^^^^^^^^^^^^^^^^^^^^^^^^^
        code=getattr(permission, 'code', None)
        ^^^^^^^^^^^^^^^^^^^^^^^^^^^^^^^^^^^^^^
    )
    ^
  File "C:\Users\vatsavai.devi\AppData\Local\Programs\Python\Python314\Lib\site-packages\rest_framework\views.py", line 180, in permission_denied
    raise exceptions.NotAuthenticated()
rest_framework.exceptions.NotAuthenticated: Authentication credentials were not provided.
ERROR 2025-11-10 11:11:00,535 exceptions Error occurred: Authentication credentials were not provided.
Traceback (most recent call last):
  File "C:\Users\vatsavai.devi\AppData\Local\Programs\Python\Python314\Lib\site-packages\rest_framework\views.py", line 503, in dispatch
    self.initial(request, *args, **kwargs)
    ~~~~~~~~~~~~^^^^^^^^^^^^^^^^^^^^^^^^^^
  File "C:\Users\vatsavai.devi\AppData\Local\Programs\Python\Python314\Lib\site-packages\rest_framework\views.py", line 421, in initial
    self.check_permissions(request)
    ~~~~~~~~~~~~~~~~~~~~~~^^^^^^^^^
  File "C:\Users\vatsavai.devi\AppData\Local\Programs\Python\Python314\Lib\site-packages\rest_framework\views.py", line 339, in check_permissions
    self.permission_denied(
    ~~~~~~~~~~~~~~~~~~~~~~^
        request,
        ^^^^^^^^
        message=getattr(permission, 'message', None),
        ^^^^^^^^^^^^^^^^^^^^^^^^^^^^^^^^^^^^^^^^^^^^^
        code=getattr(permission, 'code', None)
        ^^^^^^^^^^^^^^^^^^^^^^^^^^^^^^^^^^^^^^
    )
    ^
  File "C:\Users\vatsavai.devi\AppData\Local\Programs\Python\Python314\Lib\site-packages\rest_framework\views.py", line 180, in permission_denied
    raise exceptions.NotAuthenticated()
rest_framework.exceptions.NotAuthenticated: Authentication credentials were not provided.
ERROR 2025-11-10 11:16:55,105 exceptions Error occurred: Authentication credentials were not provided.
Traceback (most recent call last):
  File "C:\Users\vatsavai.devi\AppData\Local\Programs\Python\Python314\Lib\site-packages\rest_framework\views.py", line 503, in dispatch
    self.initial(request, *args, **kwargs)
    ~~~~~~~~~~~~^^^^^^^^^^^^^^^^^^^^^^^^^^
  File "C:\Users\vatsavai.devi\AppData\Local\Programs\Python\Python314\Lib\site-packages\rest_framework\views.py", line 421, in initial
    self.check_permissions(request)
    ~~~~~~~~~~~~~~~~~~~~~~^^^^^^^^^
  File "C:\Users\vatsavai.devi\AppData\Local\Programs\Python\Python314\Lib\site-packages\rest_framework\views.py", line 339, in check_permissions
    self.permission_denied(
    ~~~~~~~~~~~~~~~~~~~~~~^
        request,
        ^^^^^^^^
        message=getattr(permission, 'message', None),
        ^^^^^^^^^^^^^^^^^^^^^^^^^^^^^^^^^^^^^^^^^^^^^
        code=getattr(permission, 'code', None)
        ^^^^^^^^^^^^^^^^^^^^^^^^^^^^^^^^^^^^^^
    )
    ^
  File "C:\Users\vatsavai.devi\AppData\Local\Programs\Python\Python314\Lib\site-packages\rest_framework\views.py", line 180, in permission_denied
    raise exceptions.NotAuthenticated()
rest_framework.exceptions.NotAuthenticated: Authentication credentials were not provided.
ERROR 2025-11-10 11:16:55,116 exceptions Error occurred: Authentication credentials were not provided.
Traceback (most recent call last):
  File "C:\Users\vatsavai.devi\AppData\Local\Programs\Python\Python314\Lib\site-packages\rest_framework\views.py", line 503, in dispatch
    self.initial(request, *args, **kwargs)
    ~~~~~~~~~~~~^^^^^^^^^^^^^^^^^^^^^^^^^^
  File "C:\Users\vatsavai.devi\AppData\Local\Programs\Python\Python314\Lib\site-packages\rest_framework\views.py", line 421, in initial
    self.check_permissions(request)
    ~~~~~~~~~~~~~~~~~~~~~~^^^^^^^^^
  File "C:\Users\vatsavai.devi\AppData\Local\Programs\Python\Python314\Lib\site-packages\rest_framework\views.py", line 339, in check_permissions
    self.permission_denied(
    ~~~~~~~~~~~~~~~~~~~~~~^
        request,
        ^^^^^^^^
        message=getattr(permission, 'message', None),
        ^^^^^^^^^^^^^^^^^^^^^^^^^^^^^^^^^^^^^^^^^^^^^
        code=getattr(permission, 'code', None)
        ^^^^^^^^^^^^^^^^^^^^^^^^^^^^^^^^^^^^^^
    )
    ^
  File "C:\Users\vatsavai.devi\AppData\Local\Programs\Python\Python314\Lib\site-packages\rest_framework\views.py", line 180, in permission_denied
    raise exceptions.NotAuthenticated()
rest_framework.exceptions.NotAuthenticated: Authentication credentials were not provided.
ERROR 2025-11-10 11:16:59,397 exceptions Error occurred: Authentication credentials were not provided.
Traceback (most recent call last):
  File "C:\Users\vatsavai.devi\AppData\Local\Programs\Python\Python314\Lib\site-packages\rest_framework\views.py", line 503, in dispatch
    self.initial(request, *args, **kwargs)
    ~~~~~~~~~~~~^^^^^^^^^^^^^^^^^^^^^^^^^^
  File "C:\Users\vatsavai.devi\AppData\Local\Programs\Python\Python314\Lib\site-packages\rest_framework\views.py", line 421, in initial
    self.check_permissions(request)
    ~~~~~~~~~~~~~~~~~~~~~~^^^^^^^^^
  File "C:\Users\vatsavai.devi\AppData\Local\Programs\Python\Python314\Lib\site-packages\rest_framework\views.py", line 339, in check_permissions
    self.permission_denied(
    ~~~~~~~~~~~~~~~~~~~~~~^
        request,
        ^^^^^^^^
        message=getattr(permission, 'message', None),
        ^^^^^^^^^^^^^^^^^^^^^^^^^^^^^^^^^^^^^^^^^^^^^
        code=getattr(permission, 'code', None)
        ^^^^^^^^^^^^^^^^^^^^^^^^^^^^^^^^^^^^^^
    )
    ^
  File "C:\Users\vatsavai.devi\AppData\Local\Programs\Python\Python314\Lib\site-packages\rest_framework\views.py", line 180, in permission_denied
    raise exceptions.NotAuthenticated()
rest_framework.exceptions.NotAuthenticated: Authentication credentials were not provided.
ERROR 2025-11-10 11:16:59,426 exceptions Error occurred: Authentication credentials were not provided.
Traceback (most recent call last):
  File "C:\Users\vatsavai.devi\AppData\Local\Programs\Python\Python314\Lib\site-packages\rest_framework\views.py", line 503, in dispatch
    self.initial(request, *args, **kwargs)
    ~~~~~~~~~~~~^^^^^^^^^^^^^^^^^^^^^^^^^^
  File "C:\Users\vatsavai.devi\AppData\Local\Programs\Python\Python314\Lib\site-packages\rest_framework\views.py", line 421, in initial
    self.check_permissions(request)
    ~~~~~~~~~~~~~~~~~~~~~~^^^^^^^^^
  File "C:\Users\vatsavai.devi\AppData\Local\Programs\Python\Python314\Lib\site-packages\rest_framework\views.py", line 339, in check_permissions
    self.permission_denied(
    ~~~~~~~~~~~~~~~~~~~~~~^
        request,
        ^^^^^^^^
        message=getattr(permission, 'message', None),
        ^^^^^^^^^^^^^^^^^^^^^^^^^^^^^^^^^^^^^^^^^^^^^
        code=getattr(permission, 'code', None)
        ^^^^^^^^^^^^^^^^^^^^^^^^^^^^^^^^^^^^^^
    )
    ^
  File "C:\Users\vatsavai.devi\AppData\Local\Programs\Python\Python314\Lib\site-packages\rest_framework\views.py", line 180, in permission_denied
    raise exceptions.NotAuthenticated()
rest_framework.exceptions.NotAuthenticated: Authentication credentials were not provided.
ERROR 2025-11-10 11:17:18,086 exceptions Error occurred: Authentication credentials were not provided.
Traceback (most recent call last):
  File "C:\Users\vatsavai.devi\AppData\Local\Programs\Python\Python314\Lib\site-packages\rest_framework\views.py", line 503, in dispatch
    self.initial(request, *args, **kwargs)
    ~~~~~~~~~~~~^^^^^^^^^^^^^^^^^^^^^^^^^^
  File "C:\Users\vatsavai.devi\AppData\Local\Programs\Python\Python314\Lib\site-packages\rest_framework\views.py", line 421, in initial
    self.check_permissions(request)
    ~~~~~~~~~~~~~~~~~~~~~~^^^^^^^^^
  File "C:\Users\vatsavai.devi\AppData\Local\Programs\Python\Python314\Lib\site-packages\rest_framework\views.py", line 339, in check_permissions
    self.permission_denied(
    ~~~~~~~~~~~~~~~~~~~~~~^
        request,
        ^^^^^^^^
        message=getattr(permission, 'message', None),
        ^^^^^^^^^^^^^^^^^^^^^^^^^^^^^^^^^^^^^^^^^^^^^
        code=getattr(permission, 'code', None)
        ^^^^^^^^^^^^^^^^^^^^^^^^^^^^^^^^^^^^^^
    )
    ^
  File "C:\Users\vatsavai.devi\AppData\Local\Programs\Python\Python314\Lib\site-packages\rest_framework\views.py", line 180, in permission_denied
    raise exceptions.NotAuthenticated()
rest_framework.exceptions.NotAuthenticated: Authentication credentials were not provided.
ERROR 2025-11-10 11:17:18,093 exceptions Error occurred: Authentication credentials were not provided.
Traceback (most recent call last):
  File "C:\Users\vatsavai.devi\AppData\Local\Programs\Python\Python314\Lib\site-packages\rest_framework\views.py", line 503, in dispatch
    self.initial(request, *args, **kwargs)
    ~~~~~~~~~~~~^^^^^^^^^^^^^^^^^^^^^^^^^^
  File "C:\Users\vatsavai.devi\AppData\Local\Programs\Python\Python314\Lib\site-packages\rest_framework\views.py", line 421, in initial
    self.check_permissions(request)
    ~~~~~~~~~~~~~~~~~~~~~~^^^^^^^^^
  File "C:\Users\vatsavai.devi\AppData\Local\Programs\Python\Python314\Lib\site-packages\rest_framework\views.py", line 339, in check_permissions
    self.permission_denied(
    ~~~~~~~~~~~~~~~~~~~~~~^
        request,
        ^^^^^^^^
        message=getattr(permission, 'message', None),
        ^^^^^^^^^^^^^^^^^^^^^^^^^^^^^^^^^^^^^^^^^^^^^
        code=getattr(permission, 'code', None)
        ^^^^^^^^^^^^^^^^^^^^^^^^^^^^^^^^^^^^^^
    )
    ^
  File "C:\Users\vatsavai.devi\AppData\Local\Programs\Python\Python314\Lib\site-packages\rest_framework\views.py", line 180, in permission_denied
    raise exceptions.NotAuthenticated()
rest_framework.exceptions.NotAuthenticated: Authentication credentials were not provided.
